[debug] [2021-03-15T05:53:05.959Z] ----------------------------------------------------------------------
[debug] [2021-03-15T05:53:05.961Z] Command:       C:\Program Files\nodejs\node.exe C:\Users\uzair.korai\AppData\Roaming\npm\node_modules\firebase-tools\lib\bin\firebase.js init
[debug] [2021-03-15T05:53:05.961Z] CLI Version:   9.6.1
[debug] [2021-03-15T05:53:05.961Z] Platform:      win32
[debug] [2021-03-15T05:53:05.961Z] Node Version:  v14.15.4
[debug] [2021-03-15T05:53:05.962Z] Time:          Mon Mar 15 2021 10:53:05 GMT+0500 (Pakistan Standard Time)
[debug] [2021-03-15T05:53:05.962Z] ----------------------------------------------------------------------
[debug] [2021-03-15T05:53:05.962Z] 
[debug] [2021-03-15T05:53:05.966Z] > command requires scopes: ["email","openid","https://www.googleapis.com/auth/cloudplatformprojects.readonly","https://www.googleapis.com/auth/firebase","https://www.googleapis.com/auth/cloud-platform"]
[debug] [2021-03-15T05:53:05.966Z] > authorizing via signed-in user
[info] 
     ######## #### ########  ######## ########     ###     ######  ########
     ##        ##  ##     ## ##       ##     ##  ##   ##  ##       ##
     ######    ##  ########  ######   ########  #########  ######  ######
     ##        ##  ##    ##  ##       ##     ## ##     ##       ## ##
     ##       #### ##     ## ######## ########  ##     ##  ######  ########

You're about to initialize a Firebase project in this directory:

  C:\Users\uzair.korai\Desktop\first-app\first-app

[info] 
=== Project Setup
[info] 
[info] First, let's associate this project directory with a Firebase project.
[info] You can create multiple project aliases by running firebase use --add, 
[info] but for now we'll just set up a default project.
[info] 
[debug] [2021-03-15T06:04:56.000Z] >>> [apiv2][query] GET https://firebase.googleapis.com/v1beta1/projects pageSize=100
[debug] [2021-03-15T06:04:56.946Z] <<< [apiv2][status] GET https://firebase.googleapis.com/v1beta1/projects 200
[debug] [2021-03-15T06:04:56.946Z] <<< [apiv2][body] GET https://firebase.googleapis.com/v1beta1/projects [omitted]
[info] i  Using project first-app-3a837 (FIRST-APP) 
[info] 
=== Hosting Setup
[info] 
[info] Your public directory is the folder (relative to your project directory) that
[info] will contain Hosting assets to be uploaded with firebase deploy. If you
[info] have a build process for your assets, use your build's output directory.
[info] 
[debug] [2021-03-15T06:10:21.226Z] >>> [apiv2][query] GET https://www.gstatic.com/firebasejs/releases.json [none]
[debug] [2021-03-15T06:10:21.546Z] <<< [apiv2][status] GET https://www.gstatic.com/firebasejs/releases.json 200
[debug] [2021-03-15T06:10:21.547Z] <<< [apiv2][body] GET https://www.gstatic.com/firebasejs/releases.json {"current":{"version":"8.3.0","browserURL":"https://www.gstatic.com/firebasejs/8.3.0/firebase.js","packageURL":"https://www.gstatic.com/firebasejs/8.3.0/firebase.tgz"},"live":{"version":"8.3","browserURL":"https://www.gstatic.com/firebasejs/live/8.3/firebase.js","packageURL":"https://www.gstatic.com/firebasejs/live/8.3/firebase.tgz"},"components":{"analytics":"https://www.gstatic.com/firebasejs/8.3.0/firebase-analytics.js","app":"https://www.gstatic.com/firebasejs/8.3.0/firebase-app.js","auth":"https://www.gstatic.com/firebasejs/8.3.0/firebase-auth.js","database":"https://www.gstatic.com/firebasejs/8.3.0/firebase-database.js","firestore":"https://www.gstatic.com/firebasejs/8.3.0/firebase-firestore.js","functions":"https://www.gstatic.com/firebasejs/8.3.0/firebase-functions.js","installations":"https://www.gstatic.com/firebasejs/8.3.0/firebase-installations.js","messaging":"https://www.gstatic.com/firebasejs/8.3.0/firebase-messaging.js","storage":"https://www.gstatic.com/firebasejs/8.3.0/firebase-storage.js","performance":"https://www.gstatic.com/firebasejs/8.3.0/firebase-performance.js","remote-config":"https://www.gstatic.com/firebasejs/8.3.0/firebase-remote-config.js","firestore.memory":"https://www.gstatic.com/firebasejs/8.3.0/firebase-firestore.memory.js"}}
[info] i  Skipping write of dist/my-first-app/index.html 
[info] 
[info] i  Didn't detect a .git folder. Assuming C:\Users\uzair.korai\Desktop\first-app\first-app is the project root. 
[info] i  Authorizing with GitHub to upload your service account to a GitHub repository's secrets store. 
[info] 
[info] Visit this URL on this device to log in:
[info] https://github.com/login/oauth/authorize?client_id=89cf50f02ac6aaed3484&state=21301690&redirect_uri=http%3A%2F%2Flocalhost%3A9005&scope=read%3Auser%20repo%20public_repo
[info] 
[info] Waiting for authentication...
[debug] [2021-03-15T06:12:04.604Z] >>> HTTP REQUEST POST https://github.com/login/oauth/access_token  
 {"client_id":"89cf50f02ac6aaed3484","client_secret":"3330d14abc895d9a74d5f17cd7a00711fa2c5bf0","code":"a3b5e18890dd8eece18d","redirect_uri":"http://localhost:9005","state":"21301690"}
[debug] [2021-03-15T06:12:05.290Z] <<< HTTP RESPONSE 200 {"server":"GitHub.com","date":"Mon, 15 Mar 2021 06:12:05 GMT","content-type":"application/json; charset=utf-8","transfer-encoding":"chunked","vary":"X-PJAX, Accept-Encoding, Accept, X-Requested-With","etag":"W/\"a8d9c86353cb4615d5bd3a0216a8aff9\"","cache-control":"max-age=0, private, must-revalidate","strict-transport-security":"max-age=31536000; includeSubdomains; preload","x-frame-options":"deny","x-content-type-options":"nosniff","x-xss-protection":"1; mode=block","referrer-policy":"origin-when-cross-origin, strict-origin-when-cross-origin","expect-ct":"max-age=2592000, report-uri=\"https://api.github.com/_private/browser/errors\"","content-security-policy":"default-src 'none'; base-uri 'self'; block-all-mixed-content; connect-src 'self' uploads.github.com www.githubstatus.com collector.githubapp.com api.github.com github-cloud.s3.amazonaws.com github-production-repository-file-5c1aeb.s3.amazonaws.com github-production-upload-manifest-file-7fdce7.s3.amazonaws.com github-production-user-asset-6210df.s3.amazonaws.com cdn.optimizely.com logx.optimizely.com/v1/events wss://alive.github.com; font-src github.githubassets.com; form-action 'self' github.com gist.github.com; frame-ancestors 'none'; frame-src render.githubusercontent.com; img-src 'self' data: github.githubassets.com identicons.github.com collector.githubapp.com github-cloud.s3.amazonaws.com secured-user-images.githubusercontent.com/ *.githubusercontent.com; manifest-src 'self'; media-src 'none'; script-src github.githubassets.com; style-src 'unsafe-inline' github.githubassets.com; worker-src github.com/socket-worker-6832eced.js gist.github.com/socket-worker-6832eced.js","x-github-request-id":"F763:2C5F:1C77950:25E7CB6:604EFAB4"}
[debug] [2021-03-15T06:12:05.292Z] >>> [apiv2][query] GET https://api.github.com/user [none]
[debug] [2021-03-15T06:12:06.010Z] <<< [apiv2][status] GET https://api.github.com/user 200
[debug] [2021-03-15T06:12:06.011Z] <<< [apiv2][body] GET https://api.github.com/user {"login":"uzair555","id":59096609,"node_id":"MDQ6VXNlcjU5MDk2NjA5","avatar_url":"https://avatars.githubusercontent.com/u/59096609?v=4","gravatar_id":"","url":"https://api.github.com/users/uzair555","html_url":"https://github.com/uzair555","followers_url":"https://api.github.com/users/uzair555/followers","following_url":"https://api.github.com/users/uzair555/following{/other_user}","gists_url":"https://api.github.com/users/uzair555/gists{/gist_id}","starred_url":"https://api.github.com/users/uzair555/starred{/owner}{/repo}","subscriptions_url":"https://api.github.com/users/uzair555/subscriptions","organizations_url":"https://api.github.com/users/uzair555/orgs","repos_url":"https://api.github.com/users/uzair555/repos","events_url":"https://api.github.com/users/uzair555/events{/privacy}","received_events_url":"https://api.github.com/users/uzair555/received_events","type":"User","site_admin":false,"name":null,"company":null,"blog":"","location":null,"email":null,"hireable":null,"bio":null,"twitter_username":null,"public_repos":4,"public_gists":0,"followers":1,"following":14,"created_at":"2019-12-20T17:45:00Z","updated_at":"2021-03-15T06:11:54Z","private_gists":0,"total_private_repos":1,"owned_private_repos":1,"disk_usage":371501,"collaborators":2,"two_factor_authentication":false,"plan":{"name":"free","space":976562499,"collaborators":0,"private_repos":10000}}
[info] 
[info] +  Success! Logged into GitHub as uzair555 
[info] 
[debug] [2021-03-15T06:13:37.894Z] >>> [apiv2][query] GET https://api.github.com/repos/First_App/actions/secrets/public-key type=owner
[debug] [2021-03-15T06:13:38.674Z] <<< [apiv2][status] GET https://api.github.com/repos/First_App/actions/secrets/public-key 404
[debug] [2021-03-15T06:13:38.674Z] <<< [apiv2][body] GET https://api.github.com/repos/First_App/actions/secrets/public-key {"message":"Not Found","documentation_url":"https://docs.github.com/rest"}
[debug] [2021-03-15T06:14:47.494Z] >>> [apiv2][query] GET https://api.github.com/repos//actions/secrets/public-key type=owner
[debug] [2021-03-15T06:14:47.878Z] >>> [apiv2][query] GET https://api.github.com/repos//actions/secrets/public-key type=owner
[debug] [2021-03-15T06:14:48.280Z] <<< [apiv2][status] GET https://api.github.com/repos//actions/secrets/public-key 404
[debug] [2021-03-15T06:14:48.280Z] <<< [apiv2][body] GET https://api.github.com/repos//actions/secrets/public-key {"message":"Not Found","documentation_url":"https://docs.github.com/rest"}
[debug] [2021-03-15T06:14:48.530Z] <<< [apiv2][status] GET https://api.github.com/repos//actions/secrets/public-key 404
[debug] [2021-03-15T06:14:48.531Z] <<< [apiv2][body] GET https://api.github.com/repos//actions/secrets/public-key {"message":"Not Found","documentation_url":"https://docs.github.com/rest"}
